<?xml version="1.0" encoding="UTF-8"?>
<!-- Generated by org.testng.reporters.JUnitReportReporter -->
<testsuite hostname="DESKTOP-J8IPJOP" failures="0" tests="2" name="LoginPageTest" time="4.797" errors="0" timestamp="16 Jun 2021 15:35:12 GMT" skipped="0">
  <testcase classname="LoginPageTest" name="test2_IncorrectUserCredentials" time="1.636"/>
  <testcase classname="LoginPageTest" name="test1_CorrectCredentials" time="3.161"/>
</testsuite> <!-- LoginPageTest -->
