<?xml version="1.0" encoding="UTF-8"?>
<!-- Generated by org.testng.reporters.JUnitReportReporter -->
<testsuite hostname="DESKTOP-J8IPJOP" failures="0" tests="1" name="CreateAccountTest" time="5.101" errors="0" timestamp="16 Jun 2021 15:35:12 GMT" skipped="0">
  <testcase classname="CreateAccountTest" name="test" time="5.101"/>
</testsuite> <!-- CreateAccountTest -->
