<?xml version="1.0" encoding="UTF-8"?>
<!-- Generated by org.testng.reporters.JUnitReportReporter -->
<testsuite hostname="DESKTOP-J8IPJOP" failures="0" tests="1" name="CreateAccountTest" time="3.992" errors="0" timestamp="11 Jun 2021 12:58:19 GMT" skipped="0">
  <testcase classname="CreateAccountTest" name="test" time="3.992"/>
</testsuite> <!-- CreateAccountTest -->
