<?xml version="1.0" encoding="UTF-8"?>
<!-- Generated by org.testng.reporters.JUnitReportReporter -->
<testsuite hostname="DESKTOP-J8IPJOP" failures="0" tests="7" name="Exercise4Class1" time="66.865" errors="0" timestamp="28 May 2021 21:42:55 GMT" skipped="0">
  <testcase classname="Exercise4Class1" name="LoginSuccefull" time="11.285"/>
  <testcase classname="Exercise4Class1" name="UserInvalid" time="9.080"/>
  <testcase classname="Exercise4Class1" name="verifyEmptyField" time="11.040"/>
  <testcase classname="Exercise4Class1" name="VerifyLoggedOut" time="10.320"/>
  <testcase classname="Exercise4Class1" name="verifyButtonReset" time="9.189"/>
  <testcase classname="Exercise4Class1" name="VerifyInputValid" time="6.710"/>
  <testcase classname="Exercise4Class1" name="invalidCredentials" time="9.241"/>
</testsuite> <!-- Exercise4Class1 -->
