<?xml version="1.0" encoding="UTF-8"?>
<!-- Generated by org.testng.reporters.JUnitReportReporter -->
<testsuite hostname="DESKTOP-J8IPJOP" failures="0" tests="13" name="CreateAccountTest" time="48.435" errors="0" timestamp="11 Jun 2021 19:24:16 GMT" skipped="0">
  <testcase classname="CreateAccountTest" name="invalidMessageEmailTest" time="0.648"/>
  <testcase classname="CreateAccountTest" name="invalidPhone" time="3.720"/>
  <testcase classname="CreateAccountTest" name="validEmptyOptions" time="3.822"/>
  <testcase classname="CreateAccountTest" name="validSelectMultipleTest" time="5.347"/>
  <testcase classname="CreateAccountTest" name="invalidEmail" time="3.767"/>
  <testcase classname="CreateAccountTest" name="invalidPassword" time="3.553"/>
  <testcase classname="CreateAccountTest" name="validEmptySelected" time="4.193"/>
  <testcase classname="CreateAccountTest" name="majorRangePhone" time="3.834"/>
  <testcase classname="CreateAccountTest" name="validEmptyFirstNameTest" time="3.867"/>
  <testcase classname="CreateAccountTest" name="validRegistrationTest" time="4.119"/>
  <testcase classname="CreateAccountTest" name="invalidNoEqualsPasswords" time="3.396"/>
  <testcase classname="CreateAccountTest" name="validEmptyLastNameTest" time="3.913"/>
  <testcase classname="CreateAccountTest" name="LessRangePhone" time="4.256"/>
</testsuite> <!-- CreateAccountTest -->
